\BOOKMARK [0][-]{chapter.1}{Logging in to Classic}{}% 1
\BOOKMARK [1][-]{section.1.1}{Signing up}{chapter.1}% 2
\BOOKMARK [1][-]{section.1.2}{Logging in}{chapter.1}% 3
\BOOKMARK [1][-]{section.1.3}{Navigation bar}{chapter.1}% 4
\BOOKMARK [0][-]{chapter.2}{Student}{}% 5
\BOOKMARK [1][-]{section.2.1}{My Courses}{chapter.2}% 6
\BOOKMARK [2][-]{subsection.2.1.1}{Browse Courses}{section.2.1}% 7
\BOOKMARK [1][-]{section.2.2}{Course}{chapter.2}% 8
\BOOKMARK [1][-]{section.2.3}{Lecture}{chapter.2}% 9
\BOOKMARK [1][-]{section.2.4}{Files}{chapter.2}% 10
\BOOKMARK [2][-]{subsection.2.4.1}{Video}{section.2.4}% 11
\BOOKMARK [2][-]{subsection.2.4.2}{Notes}{section.2.4}% 12
\BOOKMARK [2][-]{subsection.2.4.3}{Comments}{section.2.4}% 13
\BOOKMARK [2][-]{subsection.2.4.4}{References}{section.2.4}% 14
\BOOKMARK [1][-]{section.2.5}{Account}{chapter.2}% 15
\BOOKMARK [0][-]{chapter.3}{Teacher}{}% 16
\BOOKMARK [1][-]{section.3.1}{My Courses}{chapter.3}% 17
\BOOKMARK [2][-]{subsection.3.1.1}{Browse Courses}{section.3.1}% 18
\BOOKMARK [1][-]{section.3.2}{Course}{chapter.3}% 19
\BOOKMARK [1][-]{section.3.3}{Lecture}{chapter.3}% 20
\BOOKMARK [1][-]{section.3.4}{Files}{chapter.3}% 21
\BOOKMARK [1][-]{section.3.5}{Account}{chapter.3}% 22
\BOOKMARK [0][-]{chapter.4}{Admin}{}% 23
\BOOKMARK [1][-]{section.4.1}{Account}{chapter.4}% 24
